     1                                  global main
     2                                  extern gets
     3                                  extern printf
     4                                  extern sscanf
     5                                  
     6                                  section .data
     7 00000000 557374656420696E67-         msj2		db	'Usted ingreso %li !!',10,0
     7 00000009 7265736F20256C6920-
     7 00000012 21210A00           
     8 00000016 256C6900                    format	db	'%li',0
     9                                      
    10                                  section .bss
    11 00000000 <res 64h>                   input resb 100
    12 00000064 ????????????????            numero resq 1
    13                                  
    14                                  section .text
    15                                  main:
    16 00000000 4883EC08                    sub rsp, 8            ; Align stack for calling conventions
    17                                      
    18 00000004 48BF-                       mov rdi, input
    18 00000006 [0000000000000000] 
    19 0000000E E8(00000000)                call gets    
    20                                         
    21                                      ;scanf
    22 00000013 48BF-                       mov rdi, input
    22 00000015 [0000000000000000] 
    23 0000001D 48BE-                       mov rsi, format
    23 0000001F [1600000000000000] 
    24 00000027 48BA-                       mov rdx, numero    
    24 00000029 [6400000000000000] 
    25 00000031 E8(00000000)                call sscanf
    26                                  
    27 00000036 48BF-                       mov rdi, msj2
    27 00000038 [0000000000000000] 
    28 00000040 488B3425[64000000]          mov rsi, [numero]
    29 00000048 E8(00000000)                call printf
    30                                      
    31 0000004D 4883C408                    add rsp, 8            ; Restore stack alignment
    32 00000051 C3                          ret
    33                                  
