     1                                  global main
     2                                  extern gets
     3                                  extern printf
     4                                  extern sscanf
     5                                  
     6                                  section .data
     7 00000000 256C6900                    format	db	'%li', 0
     8                                  
     9                                  section .bss
    10 00000000 <res 64h>                   cadena resb 100
    11 00000064 ????????????????            numero  resq 1
    12                                  
    13                                  section .text
    14                                  main:
    15 00000000 4889E5                      mov rbp, rsp           ; Configuración para una depuración adecuada
    16                                  
    17                                      ; Llamar a gets para leer la cadena
    18 00000003 488D3C25[00000000]          lea rdi, [cadena]      ; Dirección de 'cadena'
    19 0000000B 4883EC08                    sub rsp, 8             ; Alinear el stack a 16 bytes
    20 0000000F E8(00000000)                call gets
    21 00000014 4883C408                    add rsp, 8             ; Restaurar el stack
    22                                  
    23                                      ; Llamar a sscanf para convertir la cadena en un número
    24 00000018 488D3C25[00000000]          lea rdi, [cadena]      ; Primer argumento: dirección de 'cadena'
    25 00000020 488D3425[00000000]          lea rsi, [format]      ; Segundo argumento: dirección del formato
    26 00000028 488D1425[64000000]          lea rdx, [numero]      ; Tercer argumento: dirección de 'numero'
    27 00000030 4883EC08                    sub rsp, 8             ; Alinear el stack a 16 bytes
    28 00000034 E8(00000000)                call sscanf
    29 00000039 4883C408                    add rsp, 8             ; Restaurar el stack
    30                                  
    31                                      ; Finalizar el programa
    32 0000003D C3                          ret
